BUILD: Examining c:\work\serial~1\instal~1 directory for files to compile.
Compiling c:\work\serial~1\instal~1 directory ********************
'nmake.exe /c BUILDMSG=Stop. -i NTTEST= UMTEST= NOLINK=1 386=1'
	mc -h . -r .  msg.mc
MC: Compiling msg.mc
    rc -l 409 -DSXS_ASSEMBLY_NAME=""""""  -DSXS_ASSEMBLY_VERSION=""""""  -DSXS_ASSEMBLY_LANGUAGE=""""""  -DSXS_PROCESSOR_ARCHITECTURE="""x86"""  -DSXS_TARGET="""Installer.exe"""   -DSYSTEM_COMPATIBLE_ASSEMBLY_NAME="""Microsoft.Windows.SystemCompatible"""  -DLSYSTEM_COMPATIBLE_ASSEMBLY_NAME=L"""Microsoft.Windows.SystemCompatible"""   -z "MS Sans Serif,Helv/MS Shell Dlg"  -r -fo objchk_wxp_x86\i386\devcon.tmp -D_X86_=1 -Di386=1  -DSTD_CALL -DCONDITION_HANDLING=1   -DNT_INST=0 -DWIN32=100 -D_NT1X_=100 -DWINNT=1 -D_WIN32_WINNT=0x0501 /DWINVER=0x0501 -D_WIN32_IE=0x0600    -DWIN32_LEAN_AND_MEAN=1 -DDBG=1 -DDEVL=1 -D__BUILDMACHINE__=WinDDK -DFPO=0  -DNDEBUG -D_DLL=1 -D_MT=1  -DUNICODE -D_UNICODE   -IC:\WINDDK\2600~1.110\inc\mfc42 -Iobjchk_wxp_x86\i386 -IC:\WINDDK\2600~1.110\inc\wxp -IC:\WINDDK\2600~1.110\inc\wxp -IC:\WINDDK\2600~1.110\inc\crt .\devcon.rc


cl -nologo -Ii386\ -I. -IC:\WINDDK\2600~1.110\inc\mfc42 -Iobjchk_wxp_x86\i386 -IC:\WINDDK\2600~1.110\inc\wxp -IC:\WINDDK\2600~1.110\inc\wxp -IC:\WINDDK\2600~1.110\inc\crt -D_X86_=1 -Di386=1  -DSTD_CALL -DCONDITION_HANDLING=1   -DNT_INST=0 -DWIN32=100 -D_NT1X_=100 -DWINNT=1 -D_WIN32_WINNT=0x0501 /DWINVER=0x0501 -D_WIN32_IE=0x0600    -DWIN32_LEAN_AND_MEAN=1 -DDBG=1 -DDEVL=1 -D__BUILDMACHINE__=WinDDK -DFPO=0  -DNDEBUG -D_DLL=1 -D_MT=1  -DUNICODE -D_UNICODE     /c /Zel /Zp8 /Gy  /W3 /WX /Gz  /QIfdiv- /QIf /G6 /Gi- /Gm- /GX-  /GR- /GF  -Z7 /Od /Oi /Oy-   -FIC:\WINDDK\2600~1.110\inc\wxp\warning.h     .\devcon.cpp .\dump.cpp .\cmds.cpp 
devcon.cpp
dump.cpp
cmds.cpp
Generating Code...

Stop.
Linking c:\work\serial~1\instal~1 directory ********************
'nmake.exe /c BUILDMSG=Stop. -i LINKONLY=1 NOPASS0=1 NTTEST= UMTEST= 386=1'
	link -out:objchk_wxp_x86\i386\Installer.exe -machine:ix86 @C:\DOCUME~1\HP_Owner\LOCALS~1\Temp\nma00904.
Microsoft (R) Incremental Linker Version 7.00.9210
Copyright (C) Microsoft Corporation.  All rights reserved.

-MERGE:_PAGE=PAGE 
-MERGE:_TEXT=.text 
-SECTION:INIT,d 
-OPT:REF 
-OPT:ICF 
-IGNORE:4010,4037,4039,4065,4070,4078,4087,4089,4198,4221 
-INCREMENTAL:NO 
-FULLBUILD 
/release 
-NODEFAULTLIB 
/WX 
-debug:FULL 
-debugtype:cv 
-version:5.1 
-osversion:5.1 
/opt:nowin98 
-STACK:0x40000,0x1000 
-merge:.rdata=.text 
/tsaware 
-subsystem:console,4.00 
-base:@C:\WINDDK\2600~1.110\bin\coffbase.txt,usermode 
-entry:wmainCRTStartup 
objchk_wxp_x86\i386\devcon.res 
objchk_wxp_x86\i386\devcon.obj 
objchk_wxp_x86\i386\dump.obj 
objchk_wxp_x86\i386\cmds.obj 
C:\WINDDK\2600~1.110\lib\wxp\i386\msvcrt.lib 
C:\WINDDK\2600~1.110\lib\wxp\i386\advapi32.lib 
C:\WINDDK\2600~1.110\lib\wxp\i386\kernel32.lib 
C:\WINDDK\2600~1.110\lib\wxp\i386\advapi32.lib 
C:\WINDDK\2600~1.110\lib\wxp\i386\kernel32.lib 
C:\WINDDK\2600~1.110\lib\wxp\i386\ntdll.lib 
C:\WINDDK\2600~1.110\lib\wxp\i386\ole32.lib 
C:\WINDDK\2600~1.110\lib\wxp\i386\setupapi.lib 
C:\WINDDK\2600~1.110\lib\wxp\i386\shell32.lib 
C:\WINDDK\2600~1.110\lib\wxp\i386\user32.lib 
/Tmp 
Skip Binplace:

Stop.
